<?xml version="1.0" encoding="UTF-8"?>
<!-- Generated by org.testng.reporters.JUnitReportReporter -->
<testsuite hostname="CBT-Project1" name="com.shopclues.scripts.FilterProductTest" tests="1" failures="0" timestamp="25 Aug 2016 10:15:53 GMT" time="66.043" errors="0">
  <testcase name="testFilteredProdectList" time="66.043" classname="com.shopclues.scripts.FilterProductTest"/>
</testsuite> <!-- com.shopclues.scripts.FilterProductTest -->
